{"TimeStamp": "2025-12-22T18:02:23.42157", "Log": "Connecting to the container 'api'..."}
{"TimeStamp": "2025-12-22T18:02:23.5145", "Log": "Successfully Connected to container: 'api' [Revision: 'ca-truepulse-api-dev--0000093', Replica: 'ca-truepulse-api-dev--0000093-78f894d6d8-rpkk4']"}
{"TimeStamp": "2025-12-22T18:02:22.3969316+00:00", "Log": "F   File \"/app/main.py\", line 14, in <module>"}
{"TimeStamp": "2025-12-22T18:02:22.3969337+00:00", "Log": "F     from api.v1 import router as api_v1_router"}
{"TimeStamp": "2025-12-22T18:02:22.3969357+00:00", "Log": "F   File \"/app/api/v1/__init__.py\", line 7, in <module>"}
{"TimeStamp": "2025-12-22T18:02:22.3969378+00:00", "Log": "F     from api.v1.ads import router as ads_router"}
{"TimeStamp": "2025-12-22T18:02:22.3969399+00:00", "Log": "F   File \"/app/api/v1/ads.py\", line 13, in <module>"}
{"TimeStamp": "2025-12-22T18:02:22.3969421+00:00", "Log": "F     from api.deps import get_current_active_user"}
{"TimeStamp": "2025-12-22T18:02:22.3969443+00:00", "Log": "F   File \"/app/api/deps.py\", line 17, in <module>"}
{"TimeStamp": "2025-12-22T18:02:22.3969465+00:00", "Log": "F     from core.config import settings"}
{"TimeStamp": "2025-12-22T18:02:22.3969497+00:00", "Log": "F   File \"/app/core/__init__.py\", line 3, in <module>"}
{"TimeStamp": "2025-12-22T18:02:22.3969519+00:00", "Log": "F     from core.config import settings"}
{"TimeStamp": "2025-12-22T18:02:22.3969541+00:00", "Log": "F   File \"/app/core/config.py\", line 141, in <module>"}
{"TimeStamp": "2025-12-22T18:02:22.3969562+00:00", "Log": "F     settings = get_settings()"}
{"TimeStamp": "2025-12-22T18:02:22.3969583+00:00", "Log": "F                ^^^^^^^^^^^^^^"}
{"TimeStamp": "2025-12-22T18:02:22.3969604+00:00", "Log": "F   File \"/app/core/config.py\", line 138, in get_settings"}
{"TimeStamp": "2025-12-22T18:02:22.3969625+00:00", "Log": "F     return Settings()"}
{"TimeStamp": "2025-12-22T18:02:22.3969647+00:00", "Log": "F            ^^^^^^^^^^"}
{"TimeStamp": "2025-12-22T18:02:22.3969668+00:00", "Log": "F   File \"/opt/venv/lib/python3.11/site-packages/pydantic_settings/main.py\", line 195, in __init__"}
{"TimeStamp": "2025-12-22T18:02:22.3969779+00:00", "Log": "F     **__pydantic_self__._settings_build_values("}
{"TimeStamp": "2025-12-22T18:02:22.3969808+00:00", "Log": "F       ^^^^^^^^^^^^^^^^^^^^^^^^^^^^^^^^^^^^^^^^^"}
{"TimeStamp": "2025-12-22T18:02:22.3969844+00:00", "Log": "F   File \"/opt/venv/lib/python3.11/site-packages/pydantic_settings/main.py\", line 438, in _settings_build_values"}
{"TimeStamp": "2025-12-22T18:02:22.3969868+00:00", "Log": "F     source_state = source()"}
{"TimeStamp": "2025-12-22T18:02:22.3970191+00:00", "Log": "F                    ^^^^^^^^"}
{"TimeStamp": "2025-12-22T18:02:22.3970222+00:00", "Log": "F   File \"/opt/venv/lib/python3.11/site-packages/pydantic_settings/sources/base.py\", line 512, in __call__"}
{"TimeStamp": "2025-12-22T18:02:22.3970245+00:00", "Log": "F     raise SettingsError("}
{"TimeStamp": "2025-12-22T18:02:22.3970268+00:00", "Log": "F pydantic_settings.exceptions.SettingsError: error parsing value for field \"CORS_ORIGINS\" from source \"EnvSettingsSource\""}
{"TimeStamp": "2025-12-22T18:02:22.4512142+00:00", "Log": "F Process SpawnProcess-36:"}
{"TimeStamp": "2025-12-22T18:02:22.455646+00:00", "Log": "F Traceback (most recent call last):"}
{"TimeStamp": "2025-12-22T18:02:22.4562728+00:00", "Log": "F   File \"/opt/venv/lib/python3.11/site-packages/pydantic_settings/sources/base.py\", line 510, in __call__"}
{"TimeStamp": "2025-12-22T18:02:22.4562918+00:00", "Log": "F     field_value = self.prepare_field_value(field_name, field, field_value, value_is_complex)"}
{"TimeStamp": "2025-12-22T18:02:22.4563015+00:00", "Log": "F                   ^^^^^^^^^^^^^^^^^^^^^^^^^^^^^^^^^^^^^^^^^^^^^^^^^^^^^^^^^^^^^^^^^^^^^^^^^^"}
{"TimeStamp": "2025-12-22T18:02:22.4563532+00:00", "Log": "F   File \"/opt/venv/lib/python3.11/site-packages/pydantic_settings/sources/providers/env.py\", line 123, in prepare_field_value"}
{"TimeStamp": "2025-12-22T18:02:22.4563581+00:00", "Log": "F     raise e"}
{"TimeStamp": "2025-12-22T18:02:22.4563616+00:00", "Log": "F   File \"/opt/venv/lib/python3.11/site-packages/pydantic_settings/sources/providers/env.py\", line 120, in prepare_field_value"}
{"TimeStamp": "2025-12-22T18:02:22.456364+00:00", "Log": "F     value = self.decode_complex_value(field_name, field, value)"}
{"TimeStamp": "2025-12-22T18:02:22.4563662+00:00", "Log": "F             ^^^^^^^^^^^^^^^^^^^^^^^^^^^^^^^^^^^^^^^^^^^^^^^^^^^"}
{"TimeStamp": "2025-12-22T18:02:22.4563684+00:00", "Log": "F   File \"/opt/venv/lib/python3.11/site-packages/pydantic_settings/sources/base.py\", line 187, in decode_complex_value"}
{"TimeStamp": "2025-12-22T18:02:22.4563703+00:00", "Log": "F     return json.loads(value)"}
{"TimeStamp": "2025-12-22T18:02:22.4563722+00:00", "Log": "F            ^^^^^^^^^^^^^^^^^"}
{"TimeStamp": "2025-12-22T18:02:22.4564909+00:00", "Log": "F   File \"/usr/local/lib/python3.11/json/__init__.py\", line 346, in loads"}
{"TimeStamp": "2025-12-22T18:02:22.4565002+00:00", "Log": "F     return _default_decoder.decode(s)"}
{"TimeStamp": "2025-12-22T18:02:22.4565047+00:00", "Log": "F            ^^^^^^^^^^^^^^^^^^^^^^^^^^"}
{"TimeStamp": "2025-12-22T18:02:22.4565397+00:00", "Log": "F   File \"/usr/local/lib/python3.11/json/decoder.py\", line 337, in decode"}
{"TimeStamp": "2025-12-22T18:02:22.4565474+00:00", "Log": "F     obj, end = self.raw_decode(s, idx=_w(s, 0).end())"}
{"TimeStamp": "2025-12-22T18:02:22.4565727+00:00", "Log": "F                ^^^^^^^^^^^^^^^^^^^^^^^^^^^^^^^^^^^^^^"}
{"TimeStamp": "2025-12-22T18:02:22.4566987+00:00", "Log": "F   File \"/usr/local/lib/python3.11/json/decoder.py\", line 355, in raw_decode"}
{"TimeStamp": "2025-12-22T18:02:22.4567071+00:00", "Log": "F     raise JSONDecodeError(\"Expecting value\", s, err.value) from None"}
{"TimeStamp": "2025-12-22T18:02:22.456732+00:00", "Log": "F json.decoder.JSONDecodeError: Expecting value: line 1 column 1 (char 0)"}
{"TimeStamp": "2025-12-22T18:02:22.456908+00:00", "Log": "F"}
{"TimeStamp": "2025-12-22T18:02:22.4569188+00:00", "Log": "F The above exception was the direct cause of the following exception:"}
{"TimeStamp": "2025-12-22T18:02:22.4569249+00:00", "Log": "F"}
{"TimeStamp": "2025-12-22T18:02:22.457104+00:00", "Log": "F Traceback (most recent call last):"}
{"TimeStamp": "2025-12-22T18:02:22.4578774+00:00", "Log": "F   File \"/usr/local/lib/python3.11/multiprocessing/process.py\", line 314, in _bootstrap"}
{"TimeStamp": "2025-12-22T18:02:22.4578923+00:00", "Log": "F     self.run()"}
{"TimeStamp": "2025-12-22T18:02:22.4580763+00:00", "Log": "F   File \"/usr/local/lib/python3.11/multiprocessing/process.py\", line 108, in run"}
{"TimeStamp": "2025-12-22T18:02:22.458085+00:00", "Log": "F     self._target(*self._args, **self._kwargs)"}
{"TimeStamp": "2025-12-22T18:02:22.4582594+00:00", "Log": "F   File \"/opt/venv/lib/python3.11/site-packages/uvicorn/_subprocess.py\", line 80, in subprocess_started"}
{"TimeStamp": "2025-12-22T18:02:22.458269+00:00", "Log": "F     target(sockets=sockets)"}
{"TimeStamp": "2025-12-22T18:02:22.4584425+00:00", "Log": "F   File \"/opt/venv/lib/python3.11/site-packages/uvicorn/supervisors/multiprocess.py\", line 63, in target"}
{"TimeStamp": "2025-12-22T18:02:22.4584506+00:00", "Log": "F     return self.real_target(sockets)"}
{"TimeStamp": "2025-12-22T18:02:22.4584552+00:00", "Log": "F            ^^^^^^^^^^^^^^^^^^^^^^^^^"}
{"TimeStamp": "2025-12-22T18:02:22.458616+00:00", "Log": "F   File \"/opt/venv/lib/python3.11/site-packages/uvicorn/server.py\", line 67, in run"}
{"TimeStamp": "2025-12-22T18:02:22.4586257+00:00", "Log": "F     return asyncio_run(self.serve(sockets=sockets), loop_factory=self.config.get_loop_factory())"}
{"TimeStamp": "2025-12-22T18:02:22.4586307+00:00", "Log": "F            ^^^^^^^^^^^^^^^^^^^^^^^^^^^^^^^^^^^^^^^^^^^^^^^^^^^^^^^^^^^^^^^^^^^^^^^^^^^^^^^^^^^^^"}
{"TimeStamp": "2025-12-22T18:02:22.4587985+00:00", "Log": "F   File \"/opt/venv/lib/python3.11/site-packages/uvicorn/_compat.py\", line 30, in asyncio_run"}
{"TimeStamp": "2025-12-22T18:02:22.4588092+00:00", "Log": "F     return runner.run(main)"}
{"TimeStamp": "2025-12-22T18:02:22.4588148+00:00", "Log": "F            ^^^^^^^^^^^^^^^^"}
{"TimeStamp": "2025-12-22T18:02:22.4589827+00:00", "Log": "F   File \"/usr/local/lib/python3.11/asyncio/runners.py\", line 118, in run"}
{"TimeStamp": "2025-12-22T18:02:22.4589916+00:00", "Log": "F     return self._loop.run_until_complete(task)"}
{"TimeStamp": "2025-12-22T18:02:22.4590918+00:00", "Log": "F            ^^^^^^^^^^^^^^^^^^^^^^^^^^^^^^^^^^^"}
{"TimeStamp": "2025-12-22T18:02:22.459233+00:00", "Log": "F   File \"uvloop/loop.pyx\", line 1518, in uvloop.loop.Loop.run_until_complete"}
{"TimeStamp": "2025-12-22T18:02:22.4593875+00:00", "Log": "F   File \"/opt/venv/lib/python3.11/site-packages/uvicorn/server.py\", line 71, in serve"}
{"TimeStamp": "2025-12-22T18:02:22.4593952+00:00", "Log": "F     await self._serve(sockets)"}
{"TimeStamp": "2025-12-22T18:02:22.4595474+00:00", "Log": "F   File \"/opt/venv/lib/python3.11/site-packages/uvicorn/server.py\", line 78, in _serve"}
{"TimeStamp": "2025-12-22T18:02:22.4595536+00:00", "Log": "F     config.load()"}
{"TimeStamp": "2025-12-22T18:02:22.4597036+00:00", "Log": "F   File \"/opt/venv/lib/python3.11/site-packages/uvicorn/config.py\", line 439, in load"}
{"TimeStamp": "2025-12-22T18:02:22.4597102+00:00", "Log": "F     self.loaded_app = import_from_string(self.app)"}
{"TimeStamp": "2025-12-22T18:02:22.4597141+00:00", "Log": "F                       ^^^^^^^^^^^^^^^^^^^^^^^^^^^^"}
{"TimeStamp": "2025-12-22T18:02:22.4598557+00:00", "Log": "F   File \"/opt/venv/lib/python3.11/site-packages/uvicorn/importer.py\", line 19, in import_from_string"}
{"TimeStamp": "2025-12-22T18:02:22.459862+00:00", "Log": "F     module = importlib.import_module(module_str)"}
{"TimeStamp": "2025-12-22T18:02:22.4598656+00:00", "Log": "F              ^^^^^^^^^^^^^^^^^^^^^^^^^^^^^^^^^^^"}
{"TimeStamp": "2025-12-22T18:02:22.4600034+00:00", "Log": "F   File \"/usr/local/lib/python3.11/importlib/__init__.py\", line 126, in import_module"}
{"TimeStamp": "2025-12-22T18:02:22.4600109+00:00", "Log": "F     return _bootstrap._gcd_import(name[level:], package, level)"}
{"TimeStamp": "2025-12-22T18:02:22.4600143+00:00", "Log": "F            ^^^^^^^^^^^^^^^^^^^^^^^^^^^^^^^^^^^^^^^^^^^^^^^^^^^^"}
{"TimeStamp": "2025-12-22T18:02:22.4601549+00:00", "Log": "F   File \"<frozen importlib._bootstrap>\", line 1204, in _gcd_import"}
{"TimeStamp": "2025-12-22T18:02:22.4602976+00:00", "Log": "F   File \"<frozen importlib._bootstrap>\", line 1176, in _find_and_load"}
{"TimeStamp": "2025-12-22T18:02:22.4604407+00:00", "Log": "F   File \"<frozen importlib._bootstrap>\", line 1147, in _find_and_load_unlocked"}
{"TimeStamp": "2025-12-22T18:02:22.4605798+00:00", "Log": "F   File \"<frozen importlib._bootstrap>\", line 690, in _load_unlocked"}
{"TimeStamp": "2025-12-22T18:02:22.4607138+00:00", "Log": "F   File \"<frozen importlib._bootstrap_external>\", line 940, in exec_module"}
{"TimeStamp": "2025-12-22T18:02:22.4609239+00:00", "Log": "F   File \"<frozen importlib._bootstrap>\", line 241, in _call_with_frames_removed"}
{"TimeStamp": "2025-12-22T18:02:22.4610936+00:00", "Log": "F   File \"/app/main.py\", line 14, in <module>"}
{"TimeStamp": "2025-12-22T18:02:22.4611026+00:00", "Log": "F     from api.v1 import router as api_v1_router"}
{"TimeStamp": "2025-12-22T18:02:22.4612674+00:00", "Log": "F   File \"/app/api/v1/__init__.py\", line 7, in <module>"}
{"TimeStamp": "2025-12-22T18:02:22.461276+00:00", "Log": "F     from api.v1.ads import router as ads_router"}
{"TimeStamp": "2025-12-22T18:02:22.4614343+00:00", "Log": "F   File \"/app/api/v1/ads.py\", line 13, in <module>"}
{"TimeStamp": "2025-12-22T18:02:22.4614421+00:00", "Log": "F     from api.deps import get_current_active_user"}
{"TimeStamp": "2025-12-22T18:02:22.4615939+00:00", "Log": "F   File \"/app/api/deps.py\", line 17, in <module>"}
{"TimeStamp": "2025-12-22T18:02:22.4616047+00:00", "Log": "F     from core.config import settings"}
{"TimeStamp": "2025-12-22T18:02:22.4617571+00:00", "Log": "F   File \"/app/core/__init__.py\", line 3, in <module>"}
{"TimeStamp": "2025-12-22T18:02:22.4617643+00:00", "Log": "F     from core.config import settings"}
{"TimeStamp": "2025-12-22T18:02:22.4619218+00:00", "Log": "F   File \"/app/core/config.py\", line 141, in <module>"}
{"TimeStamp": "2025-12-22T18:02:22.4619295+00:00", "Log": "F     settings = get_settings()"}
{"TimeStamp": "2025-12-22T18:02:22.461934+00:00", "Log": "F                ^^^^^^^^^^^^^^"}
{"TimeStamp": "2025-12-22T18:02:22.4620841+00:00", "Log": "F   File \"/app/core/config.py\", line 138, in get_settings"}
{"TimeStamp": "2025-12-22T18:02:22.4620914+00:00", "Log": "F     return Settings()"}
{"TimeStamp": "2025-12-22T18:02:22.4620955+00:00", "Log": "F            ^^^^^^^^^^"}
{"TimeStamp": "2025-12-22T18:02:22.4622505+00:00", "Log": "F   File \"/opt/venv/lib/python3.11/site-packages/pydantic_settings/main.py\", line 195, in __init__"}
{"TimeStamp": "2025-12-22T18:02:22.4622611+00:00", "Log": "F     **__pydantic_self__._settings_build_values("}
{"TimeStamp": "2025-12-22T18:02:22.4622652+00:00", "Log": "F       ^^^^^^^^^^^^^^^^^^^^^^^^^^^^^^^^^^^^^^^^^"}
{"TimeStamp": "2025-12-22T18:02:22.4624196+00:00", "Log": "F   File \"/opt/venv/lib/python3.11/site-packages/pydantic_settings/main.py\", line 438, in _settings_build_values"}
{"TimeStamp": "2025-12-22T18:02:22.462427+00:00", "Log": "F     source_state = source()"}
{"TimeStamp": "2025-12-22T18:02:22.4624704+00:00", "Log": "F                    ^^^^^^^^"}
{"TimeStamp": "2025-12-22T18:02:22.4626211+00:00", "Log": "F   File \"/opt/venv/lib/python3.11/site-packages/pydantic_settings/sources/base.py\", line 512, in __call__"}
{"TimeStamp": "2025-12-22T18:02:22.4626283+00:00", "Log": "F     raise SettingsError("}
{"TimeStamp": "2025-12-22T18:02:22.4627974+00:00", "Log": "F pydantic_settings.exceptions.SettingsError: error parsing value for field \"CORS_ORIGINS\" from source \"EnvSettingsSource\""}
{"TimeStamp": "2025-12-22T18:02:22.6634686+00:00", "Log": "F INFO:     Waiting for child process [110]"}
{"TimeStamp": "2025-12-22T18:02:22.6635103+00:00", "Log": "F INFO:     Child process [110] died"}
{"TimeStamp": "2025-12-22T18:02:22.6655248+00:00", "Log": "F INFO:     Waiting for child process [111]"}
{"TimeStamp": "2025-12-22T18:02:22.665581+00:00", "Log": "F INFO:     Child process [111] died"}
{"TimeStamp": "2025-12-22T18:02:22.871204+00:00", "Log": "F Process SpawnProcess-38:"}
{"TimeStamp": "2025-12-22T18:02:22.8752703+00:00", "Log": "F Traceback (most recent call last):"}
{"TimeStamp": "2025-12-22T18:02:22.8757791+00:00", "Log": "F   File \"/opt/venv/lib/python3.11/site-packages/pydantic_settings/sources/base.py\", line 510, in __call__"}
{"TimeStamp": "2025-12-22T18:02:22.8757896+00:00", "Log": "F     field_value = self.prepare_field_value(field_name, field, field_value, value_is_complex)"}
{"TimeStamp": "2025-12-22T18:02:22.8757964+00:00", "Log": "F                   ^^^^^^^^^^^^^^^^^^^^^^^^^^^^^^^^^^^^^^^^^^^^^^^^^^^^^^^^^^^^^^^^^^^^^^^^^^"}
{"TimeStamp": "2025-12-22T18:02:22.875935+00:00", "Log": "F   File \"/opt/venv/lib/python3.11/site-packages/pydantic_settings/sources/providers/env.py\", line 123, in prepare_field_value"}
{"TimeStamp": "2025-12-22T18:02:22.8759408+00:00", "Log": "F     raise e"}
{"TimeStamp": "2025-12-22T18:02:22.8760589+00:00", "Log": "F   File \"/opt/venv/lib/python3.11/site-packages/pydantic_settings/sources/providers/env.py\", line 120, in prepare_field_value"}
{"TimeStamp": "2025-12-22T18:02:22.8760639+00:00", "Log": "F     value = self.decode_complex_value(field_name, field, value)"}
{"TimeStamp": "2025-12-22T18:02:22.8760672+00:00", "Log": "F             ^^^^^^^^^^^^^^^^^^^^^^^^^^^^^^^^^^^^^^^^^^^^^^^^^^^"}
{"TimeStamp": "2025-12-22T18:02:22.8761822+00:00", "Log": "F   File \"/opt/venv/lib/python3.11/site-packages/pydantic_settings/sources/base.py\", line 187, in decode_complex_value"}
{"TimeStamp": "2025-12-22T18:02:22.8761873+00:00", "Log": "F     return json.loads(value)"}
{"TimeStamp": "2025-12-22T18:02:22.8761905+00:00", "Log": "F            ^^^^^^^^^^^^^^^^^"}
{"TimeStamp": "2025-12-22T18:02:22.8763033+00:00", "Log": "F   File \"/usr/local/lib/python3.11/json/__init__.py\", line 346, in loads"}
{"TimeStamp": "2025-12-22T18:02:22.8763095+00:00", "Log": "F     return _default_decoder.decode(s)"}
{"TimeStamp": "2025-12-22T18:02:22.8763125+00:00", "Log": "F            ^^^^^^^^^^^^^^^^^^^^^^^^^^"}
{"TimeStamp": "2025-12-22T18:02:22.876425+00:00", "Log": "F   File \"/usr/local/lib/python3.11/json/decoder.py\", line 337, in decode"}
{"TimeStamp": "2025-12-22T18:02:22.8764296+00:00", "Log": "F     obj, end = self.raw_decode(s, idx=_w(s, 0).end())"}
{"TimeStamp": "2025-12-22T18:02:22.8764328+00:00", "Log": "F                ^^^^^^^^^^^^^^^^^^^^^^^^^^^^^^^^^^^^^^"}
{"TimeStamp": "2025-12-22T18:02:22.8765864+00:00", "Log": "F   File \"/usr/local/lib/python3.11/json/decoder.py\", line 355, in raw_decode"}
{"TimeStamp": "2025-12-22T18:02:22.876592+00:00", "Log": "F     raise JSONDecodeError(\"Expecting value\", s, err.value) from None"}
{"TimeStamp": "2025-12-22T18:02:22.876717+00:00", "Log": "F json.decoder.JSONDecodeError: Expecting value: line 1 column 1 (char 0)"}
{"TimeStamp": "2025-12-22T18:02:22.8768753+00:00", "Log": "F"}
{"TimeStamp": "2025-12-22T18:02:22.8768822+00:00", "Log": "F The above exception was the direct cause of the following exception:"}
{"TimeStamp": "2025-12-22T18:02:22.8768861+00:00", "Log": "F"}
{"TimeStamp": "2025-12-22T18:02:22.8770079+00:00", "Log": "F Traceback (most recent call last):"}
{"TimeStamp": "2025-12-22T18:02:22.8776476+00:00", "Log": "F   File \"/usr/local/lib/python3.11/multiprocessing/process.py\", line 314, in _bootstrap"}
{"TimeStamp": "2025-12-22T18:02:22.8776561+00:00", "Log": "F     self.run()"}
{"TimeStamp": "2025-12-22T18:02:22.8777959+00:00", "Log": "F   File \"/usr/local/lib/python3.11/multiprocessing/process.py\", line 108, in run"}
{"TimeStamp": "2025-12-22T18:02:22.8778014+00:00", "Log": "F     self._target(*self._args, **self._kwargs)"}
{"TimeStamp": "2025-12-22T18:02:22.8779174+00:00", "Log": "F   File \"/opt/venv/lib/python3.11/site-packages/uvicorn/_subprocess.py\", line 80, in subprocess_started"}
{"TimeStamp": "2025-12-22T18:02:22.8779243+00:00", "Log": "F     target(sockets=sockets)"}
{"TimeStamp": "2025-12-22T18:02:22.8780386+00:00", "Log": "F   File \"/opt/venv/lib/python3.11/site-packages/uvicorn/supervisors/multiprocess.py\", line 63, in target"}
{"TimeStamp": "2025-12-22T18:02:22.8780434+00:00", "Log": "F     return self.real_target(sockets)"}
{"TimeStamp": "2025-12-22T18:02:22.8780466+00:00", "Log": "F            ^^^^^^^^^^^^^^^^^^^^^^^^^"}
{"TimeStamp": "2025-12-22T18:02:22.8782129+00:00", "Log": "F   File \"/opt/venv/lib/python3.11/site-packages/uvicorn/server.py\", line 67, in run"}
{"TimeStamp": "2025-12-22T18:02:22.8782313+00:00", "Log": "F     return asyncio_run(self.serve(sockets=sockets), loop_factory=self.config.get_loop_factory())"}
{"TimeStamp": "2025-12-22T18:02:22.8782349+00:00", "Log": "F            ^^^^^^^^^^^^^^^^^^^^^^^^^^^^^^^^^^^^^^^^^^^^^^^^^^^^^^^^^^^^^^^^^^^^^^^^^^^^^^^^^^^^^"}
{"TimeStamp": "2025-12-22T18:02:22.8783514+00:00", "Log": "F   File \"/opt/venv/lib/python3.11/site-packages/uvicorn/_compat.py\", line 30, in asyncio_run"}
{"TimeStamp": "2025-12-22T18:02:22.8783561+00:00", "Log": "F     return runner.run(main)"}
{"TimeStamp": "2025-12-22T18:02:22.8783608+00:00", "Log": "F            ^^^^^^^^^^^^^^^^"}
{"TimeStamp": "2025-12-22T18:02:22.8784731+00:00", "Log": "F   File \"/usr/local/lib/python3.11/asyncio/runners.py\", line 118, in run"}
{"TimeStamp": "2025-12-22T18:02:22.8784778+00:00", "Log": "F     return self._loop.run_until_complete(task)"}
{"TimeStamp": "2025-12-22T18:02:22.878481+00:00", "Log": "F            ^^^^^^^^^^^^^^^^^^^^^^^^^^^^^^^^^^^"}
{"TimeStamp": "2025-12-22T18:02:22.8785921+00:00", "Log": "F   File \"uvloop/loop.pyx\", line 1518, in uvloop.loop.Loop.run_until_complete"}
{"TimeStamp": "2025-12-22T18:02:22.8786928+00:00", "Log": "F   File \"/opt/venv/lib/python3.11/site-packages/uvicorn/server.py\", line 71, in serve"}
{"TimeStamp": "2025-12-22T18:02:22.8786964+00:00", "Log": "F     await self._serve(sockets)"}
{"TimeStamp": "2025-12-22T18:02:22.8788082+00:00", "Log": "F   File \"/opt/venv/lib/python3.11/site-packages/uvicorn/server.py\", line 78, in _serve"}
{"TimeStamp": "2025-12-22T18:02:22.8788141+00:00", "Log": "F     config.load()"}
{"TimeStamp": "2025-12-22T18:02:22.8789265+00:00", "Log": "F   File \"/opt/venv/lib/python3.11/site-packages/uvicorn/config.py\", line 439, in load"}
{"TimeStamp": "2025-12-22T18:02:22.8789312+00:00", "Log": "F     self.loaded_app = import_from_string(self.app)"}
{"TimeStamp": "2025-12-22T18:02:22.8789343+00:00", "Log": "F                       ^^^^^^^^^^^^^^^^^^^^^^^^^^^^"}
{"TimeStamp": "2025-12-22T18:02:22.8790455+00:00", "Log": "F   File \"/opt/venv/lib/python3.11/site-packages/uvicorn/importer.py\", line 19, in import_from_string"}
{"TimeStamp": "2025-12-22T18:02:22.8790502+00:00", "Log": "F     module = importlib.import_module(module_str)"}
{"TimeStamp": "2025-12-22T18:02:22.8790533+00:00", "Log": "F              ^^^^^^^^^^^^^^^^^^^^^^^^^^^^^^^^^^^"}
{"TimeStamp": "2025-12-22T18:02:22.8791509+00:00", "Log": "F   File \"/usr/local/lib/python3.11/importlib/__init__.py\", line 126, in import_module"}
{"TimeStamp": "2025-12-22T18:02:22.8791541+00:00", "Log": "F     return _bootstrap._gcd_import(name[level:], package, level)"}
{"TimeStamp": "2025-12-22T18:02:22.8791582+00:00", "Log": "F            ^^^^^^^^^^^^^^^^^^^^^^^^^^^^^^^^^^^^^^^^^^^^^^^^^^^^"}
{"TimeStamp": "2025-12-22T18:02:22.8792685+00:00", "Log": "F   File \"<frozen importlib._bootstrap>\", line 1204, in _gcd_import"}
{"TimeStamp": "2025-12-22T18:02:22.8793816+00:00", "Log": "F   File \"<frozen importlib._bootstrap>\", line 1176, in _find_and_load"}
{"TimeStamp": "2025-12-22T18:02:22.879495+00:00", "Log": "F   File \"<frozen importlib._bootstrap>\", line 1147, in _find_and_load_unlocked"}
{"TimeStamp": "2025-12-22T18:02:22.879608+00:00", "Log": "F   File \"<frozen importlib._bootstrap>\", line 690, in _load_unlocked"}
{"TimeStamp": "2025-12-22T18:02:22.8797225+00:00", "Log": "F   File \"<frozen importlib._bootstrap_external>\", line 940, in exec_module"}
{"TimeStamp": "2025-12-22T18:02:22.8798368+00:00", "Log": "F   File \"<frozen importlib._bootstrap>\", line 241, in _call_with_frames_removed"}
{"TimeStamp": "2025-12-22T18:02:22.879951+00:00", "Log": "F   File \"/app/main.py\", line 14, in <module>"}
{"TimeStamp": "2025-12-22T18:02:22.8799557+00:00", "Log": "F     from api.v1 import router as api_v1_router"}
{"TimeStamp": "2025-12-22T18:02:22.8800665+00:00", "Log": "F   File \"/app/api/v1/__init__.py\", line 7, in <module>"}
{"TimeStamp": "2025-12-22T18:02:22.880071+00:00", "Log": "F     from api.v1.ads import router as ads_router"}
{"TimeStamp": "2025-12-22T18:02:22.8801822+00:00", "Log": "F   File \"/app/api/v1/ads.py\", line 13, in <module>"}
{"TimeStamp": "2025-12-22T18:02:22.8801868+00:00", "Log": "F     from api.deps import get_current_active_user"}
{"TimeStamp": "2025-12-22T18:02:22.8802969+00:00", "Log": "F   File \"/app/api/deps.py\", line 17, in <module>"}
{"TimeStamp": "2025-12-22T18:02:22.8803015+00:00", "Log": "F     from core.config import settings"}
{"TimeStamp": "2025-12-22T18:02:22.8804134+00:00", "Log": "F   File \"/app/core/__init__.py\", line 3, in <module>"}
{"TimeStamp": "2025-12-22T18:02:22.8804181+00:00", "Log": "F     from core.config import settings"}
{"TimeStamp": "2025-12-22T18:02:22.8805287+00:00", "Log": "F   File \"/app/core/config.py\", line 141, in <module>"}
{"TimeStamp": "2025-12-22T18:02:22.8805332+00:00", "Log": "F     settings = get_settings()"}
{"TimeStamp": "2025-12-22T18:02:22.8805622+00:00", "Log": "F                ^^^^^^^^^^^^^^"}
{"TimeStamp": "2025-12-22T18:02:22.8806715+00:00", "Log": "F   File \"/app/core/config.py\", line 138, in get_settings"}
{"TimeStamp": "2025-12-22T18:02:22.8806768+00:00", "Log": "F     return Settings()"}
{"TimeStamp": "2025-12-22T18:02:22.8806801+00:00", "Log": "F            ^^^^^^^^^^"}
{"TimeStamp": "2025-12-22T18:02:22.8808434+00:00", "Log": "F   File \"/opt/venv/lib/python3.11/site-packages/pydantic_settings/main.py\", line 195, in __init__"}
{"TimeStamp": "2025-12-22T18:02:22.8808489+00:00", "Log": "F     **__pydantic_self__._settings_build_values("}
{"TimeStamp": "2025-12-22T18:02:22.8808537+00:00", "Log": "F       ^^^^^^^^^^^^^^^^^^^^^^^^^^^^^^^^^^^^^^^^^"}
{"TimeStamp": "2025-12-22T18:02:22.8809832+00:00", "Log": "F   File \"/opt/venv/lib/python3.11/site-packages/pydantic_settings/main.py\", line 438, in _settings_build_values"}
{"TimeStamp": "2025-12-22T18:02:22.8809883+00:00", "Log": "F     source_state = source()"}
{"TimeStamp": "2025-12-22T18:02:22.8809914+00:00", "Log": "F                    ^^^^^^^^"}
{"TimeStamp": "2025-12-22T18:02:22.8811033+00:00", "Log": "F   File \"/opt/venv/lib/python3.11/site-packages/pydantic_settings/sources/base.py\", line 512, in __call__"}
{"TimeStamp": "2025-12-22T18:02:22.8811081+00:00", "Log": "F     raise SettingsError("}
{"TimeStamp": "2025-12-22T18:02:22.88123+00:00", "Log": "F pydantic_settings.exceptions.SettingsError: error parsing value for field \"CORS_ORIGINS\" from source \"EnvSettingsSource\""}
{"TimeStamp": "2025-12-22T18:02:22.9747034+00:00", "Log": "F Process SpawnProcess-37:"}
{"TimeStamp": "2025-12-22T18:02:22.9941127+00:00", "Log": "F Traceback (most recent call last):"}
{"TimeStamp": "2025-12-22T18:02:22.9976566+00:00", "Log": "F   File \"/opt/venv/lib/python3.11/site-packages/pydantic_settings/sources/base.py\", line 510, in __call__"}
{"TimeStamp": "2025-12-22T18:02:22.9976907+00:00", "Log": "F     field_value = self.prepare_field_value(field_name, field, field_value, value_is_complex)"}
{"TimeStamp": "2025-12-22T18:02:22.9977051+00:00", "Log": "F                   ^^^^^^^^^^^^^^^^^^^^^^^^^^^^^^^^^^^^^^^^^^^^^^^^^^^^^^^^^^^^^^^^^^^^^^^^^^"}
{"TimeStamp": "2025-12-22T18:02:22.9977568+00:00", "Log": "F   File \"/opt/venv/lib/python3.11/site-packages/pydantic_settings/sources/providers/env.py\", line 123, in prepare_field_value"}
{"TimeStamp": "2025-12-22T18:02:22.9977608+00:00", "Log": "F     raise e"}
{"TimeStamp": "2025-12-22T18:02:22.9977636+00:00", "Log": "F   File \"/opt/venv/lib/python3.11/site-packages/pydantic_settings/sources/providers/env.py\", line 120, in prepare_field_value"}
{"TimeStamp": "2025-12-22T18:02:22.9977658+00:00", "Log": "F     value = self.decode_complex_value(field_name, field, value)"}
{"TimeStamp": "2025-12-22T18:02:22.9977725+00:00", "Log": "F             ^^^^^^^^^^^^^^^^^^^^^^^^^^^^^^^^^^^^^^^^^^^^^^^^^^^"}
{"TimeStamp": "2025-12-22T18:02:22.9977748+00:00", "Log": "F   File \"/opt/venv/lib/python3.11/site-packages/pydantic_settings/sources/base.py\", line 187, in decode_complex_value"}
{"TimeStamp": "2025-12-22T18:02:22.9977769+00:00", "Log": "F     return json.loads(value)"}
{"TimeStamp": "2025-12-22T18:02:22.9977789+00:00", "Log": "F            ^^^^^^^^^^^^^^^^^"}
{"TimeStamp": "2025-12-22T18:02:22.9977808+00:00", "Log": "F   File \"/usr/local/lib/python3.11/json/__init__.py\", line 346, in loads"}
{"TimeStamp": "2025-12-22T18:02:22.9977829+00:00", "Log": "F     return _default_decoder.decode(s)"}
{"TimeStamp": "2025-12-22T18:02:22.9977851+00:00", "Log": "F            ^^^^^^^^^^^^^^^^^^^^^^^^^^"}
{"TimeStamp": "2025-12-22T18:02:22.9977871+00:00", "Log": "F   File \"/usr/local/lib/python3.11/json/decoder.py\", line 337, in decode"}
{"TimeStamp": "2025-12-22T18:02:22.997789+00:00", "Log": "F     obj, end = self.raw_decode(s, idx=_w(s, 0).end())"}
{"TimeStamp": "2025-12-22T18:02:22.9977912+00:00", "Log": "F                ^^^^^^^^^^^^^^^^^^^^^^^^^^^^^^^^^^^^^^"}
{"TimeStamp": "2025-12-22T18:02:22.9977932+00:00", "Log": "F   File \"/usr/local/lib/python3.11/json/decoder.py\", line 355, in raw_decode"}
{"TimeStamp": "2025-12-22T18:02:22.9978059+00:00", "Log": "F     raise JSONDecodeError(\"Expecting value\", s, err.value) from None"}
{"TimeStamp": "2025-12-22T18:02:22.9978087+00:00", "Log": "F json.decoder.JSONDecodeError: Expecting value: line 1 column 1 (char 0)"}
{"TimeStamp": "2025-12-22T18:02:22.9978114+00:00", "Log": "F"}
{"TimeStamp": "2025-12-22T18:02:22.9978136+00:00", "Log": "F The above exception was the direct cause of the following exception:"}
{"TimeStamp": "2025-12-22T18:02:22.9978156+00:00", "Log": "F"}
{"TimeStamp": "2025-12-22T18:02:22.9978176+00:00", "Log": "F Traceback (most recent call last):"}
{"TimeStamp": "2025-12-22T18:02:22.9983535+00:00", "Log": "F   File \"/usr/local/lib/python3.11/multiprocessing/process.py\", line 314, in _bootstrap"}
{"TimeStamp": "2025-12-22T18:02:22.9983737+00:00", "Log": "F     self.run()"}
{"TimeStamp": "2025-12-22T18:02:22.9984918+00:00", "Log": "F   File \"/usr/local/lib/python3.11/multiprocessing/process.py\", line 108, in run"}
{"TimeStamp": "2025-12-22T18:02:22.9984979+00:00", "Log": "F     self._target(*self._args, **self._kwargs)"}
{"TimeStamp": "2025-12-22T18:02:22.9985038+00:00", "Log": "F   File \"/opt/venv/lib/python3.11/site-packages/uvicorn/_subprocess.py\", line 80, in subprocess_started"}
{"TimeStamp": "2025-12-22T18:02:22.9985064+00:00", "Log": "F     target(sockets=sockets)"}
{"TimeStamp": "2025-12-22T18:02:22.9985086+00:00", "Log": "F   File \"/opt/venv/lib/python3.11/site-packages/uvicorn/supervisors/multiprocess.py\", line 63, in target"}
{"TimeStamp": "2025-12-22T18:02:22.9985109+00:00", "Log": "F     return self.real_target(sockets)"}
{"TimeStamp": "2025-12-22T18:02:22.9985131+00:00", "Log": "F            ^^^^^^^^^^^^^^^^^^^^^^^^^"}
{"TimeStamp": "2025-12-22T18:02:22.9985153+00:00", "Log": "F   File \"/opt/venv/lib/python3.11/site-packages/uvicorn/server.py\", line 67, in run"}
{"TimeStamp": "2025-12-22T18:02:22.9985177+00:00", "Log": "F     return asyncio_run(self.serve(sockets=sockets), loop_factory=self.config.get_loop_factory())"}
{"TimeStamp": "2025-12-22T18:02:22.9985199+00:00", "Log": "F            ^^^^^^^^^^^^^^^^^^^^^^^^^^^^^^^^^^^^^^^^^^^^^^^^^^^^^^^^^^^^^^^^^^^^^^^^^^^^^^^^^^^^^"}
{"TimeStamp": "2025-12-22T18:02:22.998522+00:00", "Log": "F   File \"/opt/venv/lib/python3.11/site-packages/uvicorn/_compat.py\", line 30, in asyncio_run"}
{"TimeStamp": "2025-12-22T18:02:22.9985243+00:00", "Log": "F     return runner.run(main)"}
{"TimeStamp": "2025-12-22T18:02:22.9985265+00:00", "Log": "F            ^^^^^^^^^^^^^^^^"}
{"TimeStamp": "2025-12-22T18:02:22.9985296+00:00", "Log": "F   File \"/usr/local/lib/python3.11/asyncio/runners.py\", line 118, in run"}
{"TimeStamp": "2025-12-22T18:02:22.9985319+00:00", "Log": "F     return self._loop.run_until_complete(task)"}
{"TimeStamp": "2025-12-22T18:02:23.0078532+00:00", "Log": "F            ^^^^^^^^^^^^^^^^^^^^^^^^^^^^^^^^^^^"}
{"TimeStamp": "2025-12-22T18:02:23.0078758+00:00", "Log": "F   File \"uvloop/loop.pyx\", line 1518, in uvloop.loop.Loop.run_until_complete"}
{"TimeStamp": "2025-12-22T18:02:23.0078804+00:00", "Log": "F   File \"/opt/venv/lib/python3.11/site-packages/uvicorn/server.py\", line 71, in serve"}
{"TimeStamp": "2025-12-22T18:02:23.0078831+00:00", "Log": "F     await self._serve(sockets)"}
{"TimeStamp": "2025-12-22T18:02:23.0078855+00:00", "Log": "F   File \"/opt/venv/lib/python3.11/site-packages/uvicorn/server.py\", line 78, in _serve"}
{"TimeStamp": "2025-12-22T18:02:23.0078878+00:00", "Log": "F     config.load()"}
{"TimeStamp": "2025-12-22T18:02:23.0078899+00:00", "Log": "F   File \"/opt/venv/lib/python3.11/site-packages/uvicorn/config.py\", line 439, in load"}
{"TimeStamp": "2025-12-22T18:02:23.0078923+00:00", "Log": "F     self.loaded_app = import_from_string(self.app)"}
{"TimeStamp": "2025-12-22T18:02:23.0078947+00:00", "Log": "F                       ^^^^^^^^^^^^^^^^^^^^^^^^^^^^"}
{"TimeStamp": "2025-12-22T18:02:23.0079019+00:00", "Log": "F   File \"/opt/venv/lib/python3.11/site-packages/uvicorn/importer.py\", line 19, in import_from_string"}
{"TimeStamp": "2025-12-22T18:02:23.0079046+00:00", "Log": "F     module = importlib.import_module(module_str)"}
{"TimeStamp": "2025-12-22T18:02:23.0079069+00:00", "Log": "F              ^^^^^^^^^^^^^^^^^^^^^^^^^^^^^^^^^^^"}
{"TimeStamp": "2025-12-22T18:02:23.007909+00:00", "Log": "F   File \"/usr/local/lib/python3.11/importlib/__init__.py\", line 126, in import_module"}
{"TimeStamp": "2025-12-22T18:02:23.0079111+00:00", "Log": "F     return _bootstrap._gcd_import(name[level:], package, level)"}
{"TimeStamp": "2025-12-22T18:02:23.0079134+00:00", "Log": "F            ^^^^^^^^^^^^^^^^^^^^^^^^^^^^^^^^^^^^^^^^^^^^^^^^^^^^"}
{"TimeStamp": "2025-12-22T18:02:23.0079156+00:00", "Log": "F   File \"<frozen importlib._bootstrap>\", line 1204, in _gcd_import"}
{"TimeStamp": "2025-12-22T18:02:23.00793+00:00", "Log": "F   File \"<frozen importlib._bootstrap>\", line 1176, in _find_and_load"}
{"TimeStamp": "2025-12-22T18:02:23.0079337+00:00", "Log": "F   File \"<frozen importlib._bootstrap>\", line 1147, in _find_and_load_unlocked"}
{"TimeStamp": "2025-12-22T18:02:23.0079362+00:00", "Log": "F   File \"<frozen importlib._bootstrap>\", line 690, in _load_unlocked"}
{"TimeStamp": "2025-12-22T18:02:23.0079392+00:00", "Log": "F   File \"<frozen importlib._bootstrap_external>\", line 940, in exec_module"}
{"TimeStamp": "2025-12-22T18:02:23.0079412+00:00", "Log": "F   File \"<frozen importlib._bootstrap>\", line 241, in _call_with_frames_removed"}
{"TimeStamp": "2025-12-22T18:02:23.007967+00:00", "Log": "F   File \"/app/main.py\", line 14, in <module>"}
{"TimeStamp": "2025-12-22T18:02:23.007969+00:00", "Log": "F     from api.v1 import router as api_v1_router"}
{"TimeStamp": "2025-12-22T18:02:23.0079709+00:00", "Log": "F   File \"/app/api/v1/__init__.py\", line 7, in <module>"}
{"TimeStamp": "2025-12-22T18:02:23.0079727+00:00", "Log": "F     from api.v1.ads import router as ads_router"}
{"TimeStamp": "2025-12-22T18:02:23.0079744+00:00", "Log": "F   File \"/app/api/v1/ads.py\", line 13, in <module>"}
{"TimeStamp": "2025-12-22T18:02:23.0079762+00:00", "Log": "F     from api.deps import get_current_active_user"}
{"TimeStamp": "2025-12-22T18:02:23.007978+00:00", "Log": "F   File \"/app/api/deps.py\", line 17, in <module>"}
{"TimeStamp": "2025-12-22T18:02:23.0079797+00:00", "Log": "F     from core.config import settings"}
{"TimeStamp": "2025-12-22T18:02:23.0079815+00:00", "Log": "F   File \"/app/core/__init__.py\", line 3, in <module>"}
{"TimeStamp": "2025-12-22T18:02:23.0079834+00:00", "Log": "F     from core.config import settings"}
{"TimeStamp": "2025-12-22T18:02:23.0079854+00:00", "Log": "F   File \"/app/core/config.py\", line 141, in <module>"}
{"TimeStamp": "2025-12-22T18:02:23.0079888+00:00", "Log": "F     settings = get_settings()"}
{"TimeStamp": "2025-12-22T18:02:23.007991+00:00", "Log": "F                ^^^^^^^^^^^^^^"}
{"TimeStamp": "2025-12-22T18:02:23.0079934+00:00", "Log": "F   File \"/app/core/config.py\", line 138, in get_settings"}
{"TimeStamp": "2025-12-22T18:02:23.0079955+00:00", "Log": "F     return Settings()"}
{"TimeStamp": "2025-12-22T18:02:23.007998+00:00", "Log": "F            ^^^^^^^^^^"}
{"TimeStamp": "2025-12-22T18:02:23.0080135+00:00", "Log": "F   File \"/opt/venv/lib/python3.11/site-packages/pydantic_settings/main.py\", line 195, in __init__"}
{"TimeStamp": "2025-12-22T18:02:23.0080168+00:00", "Log": "F     **__pydantic_self__._settings_build_values("}
{"TimeStamp": "2025-12-22T18:02:23.0080194+00:00", "Log": "F       ^^^^^^^^^^^^^^^^^^^^^^^^^^^^^^^^^^^^^^^^^"}
{"TimeStamp": "2025-12-22T18:02:23.008022+00:00", "Log": "F   File \"/opt/venv/lib/python3.11/site-packages/pydantic_settings/main.py\", line 438, in _settings_build_values"}
{"TimeStamp": "2025-12-22T18:02:23.0081473+00:00", "Log": "F     source_state = source()"}
{"TimeStamp": "2025-12-22T18:02:23.0081953+00:00", "Log": "F                    ^^^^^^^^"}
{"TimeStamp": "2025-12-22T18:02:23.0082005+00:00", "Log": "F   File \"/opt/venv/lib/python3.11/site-packages/pydantic_settings/sources/base.py\", line 512, in __call__"}
{"TimeStamp": "2025-12-22T18:02:23.008203+00:00", "Log": "F     raise SettingsError("}
{"TimeStamp": "2025-12-22T18:02:23.0082053+00:00", "Log": "F pydantic_settings.exceptions.SettingsError: error parsing value for field \"CORS_ORIGINS\" from source \"EnvSettingsSource\""}
{"TimeStamp": "2025-12-22T18:02:23.1655352+00:00", "Log": "F INFO:     Waiting for child process [112]"}
{"TimeStamp": "2025-12-22T18:02:23.1655782+00:00", "Log": "F INFO:     Child process [112] died"}
{"TimeStamp": "2025-12-22T18:02:23.1668349+00:00", "Log": "F INFO:     Waiting for child process [113]"}
{"TimeStamp": "2025-12-22T18:02:23.1668636+00:00", "Log": "F INFO:     Child process [113] died"}
